# JRE version: OpenJDK Runtime Environment (17.0.9) (build 17.0.9+0--11185874)
# Java VM: OpenJDK 64-Bit Server VM (17.0.9+0--11185874, mixed mode, tiered, compressed oops, compressed class ptrs, g1 gc, windows-amd64)
GC Precious Log:
 CPUs: 12 total, 12 available
 Memory: 14197M
 Large Page Support: Disabled
 NUMA Support: Disabled
 Compressed Oops: Enabled (32-bit)
 Heap Region Size: 1M
 Heap Min Capacity: 8M
 Heap Initial Capacity: 222M
 Heap Max Capacity: 2G
 Pre-touch: Disabled
 Parallel Workers: 10
 Concurrent Workers: 3
 Concurrent Refinement Workers: 10
 Periodic GC: Disabled
Heap:
 garbage-first heap   total 296960K, used 129604K [0x0000000080000000, 0x0000000100000000)
  region size 1024K, 3 young (3072K), 3 survivors (3072K)
 Metaspace       used 142717K, committed 143744K, reserved 1179648K
  class space    used 19829K, committed 20352K, reserved 1048576K
GC Heap History (20 events):
Event: 1003.963 GC heap after
{Heap after GC invocations=51 (full 0):
 garbage-first heap   total 296960K, used 111846K [0x0000000080000000, 0x0000000100000000)
  region size 1024K, 1 young (1024K), 1 survivors (1024K)
 Metaspace       used 110036K, committed 110848K, reserved 1179648K
  class space    used 14971K, committed 15360K, reserved 1048576K
}
Event: 1010.589 GC heap before
{Heap before GC invocations=51 (full 0):
 garbage-first heap   total 296960K, used 245990K [0x0000000080000000, 0x0000000100000000)
  region size 1024K, 133 young (136192K), 1 survivors (1024K)
 Metaspace       used 113962K, committed 114816K, reserved 1179648K
  class space    used 15420K, committed 15872K, reserved 1048576K
}
Event: 1010.606 GC heap after
{Heap after GC invocations=52 (full 0):
 garbage-first heap   total 296960K, used 120193K [0x0000000080000000, 0x0000000100000000)
  region size 1024K, 10 young (10240K), 10 survivors (10240K)
 Metaspace       used 113962K, committed 114816K, reserved 1179648K
  class space    used 15420K, committed 15872K, reserved 1048576K
}
Event: 1016.504 GC heap before
{Heap before GC invocations=53 (full 0):
 garbage-first heap   total 296960K, used 238977K [0x0000000080000000, 0x0000000100000000)
  region size 1024K, 125 young (128000K), 10 survivors (10240K)
 Metaspace       used 123303K, committed 124224K, reserved 1179648K
  class space    used 16583K, committed 17024K, reserved 1048576K
}
Event: 1016.518 GC heap after
{Heap after GC invocations=54 (full 0):
 garbage-first heap   total 296960K, used 136457K [0x0000000080000000, 0x0000000100000000)
  region size 1024K, 14 young (14336K), 14 survivors (14336K)
 Metaspace       used 123303K, committed 124224K, reserved 1179648K
  class space    used 16583K, committed 17024K, reserved 1048576K
}
Event: 1016.534 GC heap before
{Heap before GC invocations=54 (full 0):
 garbage-first heap   total 296960K, used 137481K [0x0000000080000000, 0x0000000100000000)
  region size 1024K, 15 young (15360K), 14 survivors (14336K)
 Metaspace       used 123321K, committed 124224K, reserved 1179648K
  class space    used 16584K, committed 17024K, reserved 1048576K
}
Event: 1016.554 GC heap after
{Heap after GC invocations=55 (full 0):
 garbage-first heap   total 296960K, used 133892K [0x0000000080000000, 0x0000000100000000)
  region size 1024K, 2 young (2048K), 2 survivors (2048K)
 Metaspace       used 123321K, committed 124224K, reserved 1179648K
  class space    used 16584K, committed 17024K, reserved 1048576K
}
Event: 1068.722 GC heap before
{Heap before GC invocations=55 (full 0):
 garbage-first heap   total 296960K, used 239364K [0x0000000080000000, 0x0000000100000000)
  region size 1024K, 106 young (108544K), 2 survivors (2048K)
 Metaspace       used 125207K, committed 126144K, reserved 1179648K
  class space    used 16831K, committed 17280K, reserved 1048576K
}
Event: 1068.732 GC heap after
{Heap after GC invocations=56 (full 0):
 garbage-first heap   total 296960K, used 141980K [0x0000000080000000, 0x0000000100000000)
  region size 1024K, 10 young (10240K), 10 survivors (10240K)
 Metaspace       used 125207K, committed 126144K, reserved 1179648K
  class space    used 16831K, committed 17280K, reserved 1048576K
}
Event: 1072.478 GC heap before
{Heap before GC invocations=57 (full 0):
 garbage-first heap   total 296960K, used 242332K [0x0000000080000000, 0x0000000100000000)
  region size 1024K, 107 young (109568K), 10 survivors (10240K)
 Metaspace       used 127705K, committed 128768K, reserved 1179648K
  class space    used 17108K, committed 17664K, reserved 1048576K
}
Event: 1072.532 GC heap after
{Heap after GC invocations=58 (full 0):
 garbage-first heap   total 296960K, used 146705K [0x0000000080000000, 0x0000000100000000)
  region size 1024K, 3 young (3072K), 3 survivors (3072K)
 Metaspace       used 127705K, committed 128768K, reserved 1179648K
  class space    used 17108K, committed 17664K, reserved 1048576K
}
Event: 1072.660 GC heap before
{Heap before GC invocations=58 (full 0):
 garbage-first heap   total 296960K, used 157969K [0x0000000080000000, 0x0000000100000000)
  region size 1024K, 14 young (14336K), 3 survivors (3072K)
 Metaspace       used 127791K, committed 128832K, reserved 1179648K
  class space    used 17121K, committed 17664K, reserved 1048576K
}
Event: 1072.731 GC heap after
{Heap after GC invocations=59 (full 0):
 garbage-first heap   total 296960K, used 134201K [0x0000000080000000, 0x0000000100000000)
  region size 1024K, 2 young (2048K), 2 survivors (2048K)
 Metaspace       used 127791K, committed 128832K, reserved 1179648K
  class space    used 17121K, committed 17664K, reserved 1048576K
}
Event: 1072.755 GC heap before
{Heap before GC invocations=59 (full 0):
 garbage-first heap   total 296960K, used 135225K [0x0000000080000000, 0x0000000100000000)
  region size 1024K, 4 young (4096K), 2 survivors (2048K)
 Metaspace       used 127854K, committed 128896K, reserved 1179648K
  class space    used 17126K, committed 17664K, reserved 1048576K
}
Event: 1072.757 GC heap after
{Heap after GC invocations=60 (full 0):
 garbage-first heap   total 296960K, used 133848K [0x0000000080000000, 0x0000000100000000)
  region size 1024K, 1 young (1024K), 1 survivors (1024K)
 Metaspace       used 127854K, committed 128896K, reserved 1179648K
  class space    used 17126K, committed 17664K, reserved 1048576K
}
Event: 1074.058 GC heap before
{Heap before GC invocations=61 (full 0):
 garbage-first heap   total 296960K, used 249560K [0x0000000080000000, 0x0000000100000000)
  region size 1024K, 111 young (113664K), 1 survivors (1024K)
 Metaspace       used 134658K, committed 135680K, reserved 1179648K
  class space    used 18362K, committed 18880K, reserved 1048576K
}
Event: 1074.068 GC heap after
{Heap after GC invocations=62 (full 0):
 garbage-first heap   total 296960K, used 145465K [0x0000000080000000, 0x0000000100000000)
  region size 1024K, 13 young (13312K), 13 survivors (13312K)
 Metaspace       used 134658K, committed 135680K, reserved 1179648K
  class space    used 18362K, committed 18880K, reserved 1048576K
}
Event: 1074.076 GC heap before
{Heap before GC invocations=62 (full 0):
 garbage-first heap   total 296960K, used 146489K [0x0000000080000000, 0x0000000100000000)
  region size 1024K, 14 young (14336K), 13 survivors (13312K)
 Metaspace       used 134780K, committed 135808K, reserved 1179648K
  class space    used 18401K, committed 18944K, reserved 1048576K
}
Event: 1074.090 GC heap after
{Heap after GC invocations=63 (full 0):
 garbage-first heap   total 296960K, used 128002K [0x0000000080000000, 0x0000000100000000)
  region size 1024K, 2 young (2048K), 2 survivors (2048K)
 Metaspace       used 134780K, committed 135808K, reserved 1179648K
  class space    used 18401K, committed 18944K, reserved 1048576K
}
Event: 1074.777 GC heap before
{Heap before GC invocations=63 (full 0):
 garbage-first heap   total 296960K, used 239618K [0x0000000080000000, 0x0000000100000000)
  region size 1024K, 112 young (114688K), 2 survivors (2048K)
 Metaspace       used 142717K, committed 143744K, reserved 1179648K
  class space    used 19829K, committed 20352K, reserved 1048576K
}

